#
# There is insufficient memory for the Java Runtime Environment to continue.
# Native memory allocation (malloc) failed to allocate 1044496 bytes for Chunk::new
# Possible reasons:
#   The system is out of physical RAM or swap space
#   In 32 bit mode, the process size limit was hit
# Possible solutions:
#   Reduce memory load on the system
#   Increase physical memory or swap space
#   Check if swap backing store is full
#   Use 64 bit Java on a 64 bit OS
#   Decrease Java heap size (-Xmx/-Xms)
#   Decrease number of Java threads
#   Decrease Java thread stack sizes (-Xss)
#   Set larger code cache with -XX:ReservedCodeCacheSize=
# This output file may be truncated or incomplete.
#
#  Out of Memory Error (allocation.cpp:390), pid=9080, tid=0x0000000000001888
#
# JRE version: OpenJDK Runtime Environment (8.0_152-b02) (build 1.8.0_152-release-1024-b02)
# Java VM: OpenJDK 64-Bit Server VM (25.152-b02 mixed mode windows-amd64 compressed oops)
# Failed to write core dump. Minidumps are not enabled by default on client versions of Windows
#

---------------  T H R E A D  ---------------

Current thread (0x00000000168e6800):  JavaThread "C2 CompilerThread0" daemon [_thread_in_native, id=6280, stack(0x0000000017f30000,0x0000000018030000)]

Stack: [0x0000000017f30000,0x0000000018030000]
[error occurred during error reporting (printing stack bounds), id 0xc0000005]

Native frames: (J=compiled Java code, j=interpreted, Vv=VM code, C=native code)


Current CompileTask:
C2:6174623 26279 % !   4       com.android.ide.common.res2.DataMerger::mergeData @ 239 (603 bytes)


---------------  P R O C E S S  ---------------

Java Threads: ( => current thread )
  0x0000000019950000 JavaThread "pool-16-thread-1" [_thread_blocked, id=9720, stack(0x000000003cfb0000,0x000000003d0b0000)]
  0x0000000019954800 JavaThread "stdout" daemon [_thread_in_native, id=9844, stack(0x000000003ceb0000,0x000000003cfb0000)]
  0x0000000019953000 JavaThread "stderr" daemon [_thread_in_native, id=6644, stack(0x000000003cdb0000,0x000000003ceb0000)]
  0x0000000019cdf000 JavaThread "stdout" daemon [_thread_in_native, id=8408, stack(0x000000003ccb0000,0x000000003cdb0000)]
  0x0000000019cdc800 JavaThread "stderr" daemon [_thread_in_native, id=5700, stack(0x000000003cbb0000,0x000000003ccb0000)]
  0x0000000019cde800 JavaThread "stdout" daemon [_thread_in_native, id=10096, stack(0x000000003cab0000,0x000000003cbb0000)]
  0x0000000019ce0800 JavaThread "stderr" daemon [_thread_in_native, id=3884, stack(0x000000003c9b0000,0x000000003cab0000)]
  0x0000000019cda800 JavaThread "stdout" daemon [_thread_in_native, id=10604, stack(0x000000003c8b0000,0x000000003c9b0000)]
  0x0000000019cdd800 JavaThread "stderr" daemon [_thread_in_native, id=7200, stack(0x000000003c7b0000,0x000000003c8b0000)]
  0x0000000019cdb000 JavaThread "queued-resource-processor_16" daemon [_thread_blocked, id=8344, stack(0x000000003c6b0000,0x000000003c7b0000)]
  0x0000000019ce0000 JavaThread "queued-resource-processor_15" daemon [_thread_blocked, id=6196, stack(0x000000003c5b0000,0x000000003c6b0000)]
  0x0000000019cd3000 JavaThread "queued-resource-processor_14" daemon [_thread_blocked, id=5112, stack(0x000000003c4b0000,0x000000003c5b0000)]
  0x0000000019cd8000 JavaThread "queued-resource-processor_13" daemon [_thread_blocked, id=2228, stack(0x000000003c3b0000,0x000000003c4b0000)]
  0x000000001d400800 JavaThread "Task worker for ':' Thread 3" [_thread_blocked, id=11192, stack(0x000000003c2b0000,0x000000003c3b0000)]
  0x000000001d3ff800 JavaThread "Task worker for ':' Thread 2" [_thread_blocked, id=8548, stack(0x000000003c1b0000,0x000000003c2b0000)]
  0x000000001d3ff000 JavaThread "Task worker for ':'" [_thread_blocked, id=10508, stack(0x000000003c0b0000,0x000000003c1b0000)]
  0x000000001d3fd800 JavaThread "Cache worker for Build Output Cleanup Cache (D:\trackmonbus\.gradle\buildOutputCleanup)" [_thread_blocked, id=6148, stack(0x000000003bfb0000,0x000000003c0b0000)]
  0x000000001d3fc800 JavaThread "Cache worker for task history cache (D:\trackmonbus\.gradle\4.4\taskHistory)" [_thread_blocked, id=3116, stack(0x000000003beb0000,0x000000003bfb0000)]
  0x000000001d3fb000 JavaThread "build operations Thread 4" [_thread_blocked, id=10156, stack(0x000000003bdb0000,0x000000003beb0000)]
  0x000000001d3f3800 JavaThread "build operations Thread 3" [_thread_blocked, id=7824, stack(0x000000003bcb0000,0x000000003bdb0000)]
  0x000000001d3fa800 JavaThread "build operations Thread 2" [_thread_blocked, id=7004, stack(0x000000003bbb0000,0x000000003bcb0000)]
  0x000000001d3f9800 JavaThread "build operations" [_thread_blocked, id=5472, stack(0x000000003bab0000,0x000000003bbb0000)]
  0x000000001d3f8000 JavaThread "Cache worker for Artifact transforms cache (C:\Users\ASUS\.gradle\caches\transforms-1)" [_thread_blocked, id=1608, stack(0x000000003b9b0000,0x000000003bab0000)]
  0x000000001d3f4800 JavaThread "Cache worker for file hash cache (D:\trackmonbus\.gradle\4.4\fileHashes)" [_thread_blocked, id=8432, stack(0x000000003b8b0000,0x000000003b9b0000)]
  0x000000001d3f2000 JavaThread "Stdin handler" [_thread_blocked, id=8768, stack(0x000000003b7b0000,0x000000003b8b0000)]
  0x000000001d3f6000 JavaThread "Asynchronous log dispatcher for DefaultDaemonConnection: socket connection from /127.0.0.1:51835 to /127.0.0.1:53094" [_thread_blocked, id=10272, stack(0x000000003b6b0000,0x000000003b7b0000)]
  0x000000001d3f7800 JavaThread "Cancel handler" [_thread_blocked, id=2464, stack(0x000000003b5b0000,0x000000003b6b0000)]
  0x000000001d3f3000 JavaThread "Handler for socket connection from /127.0.0.1:51835 to /127.0.0.1:53094" [_thread_in_native, id=4188, stack(0x000000003b4b0000,0x000000003b5b0000)]
  0x0000000019cd9800 JavaThread "Daemon worker Thread 14" [_thread_in_Java, id=4236, stack(0x000000003abb0000,0x000000003acb0000)]
  0x0000000019cd3800 JavaThread "Daemon Thread 14" [_thread_blocked, id=6064, stack(0x000000003a8b0000,0x000000003a9b0000)]
  0x0000000019952800 JavaThread "Memory manager" [_thread_blocked, id=7752, stack(0x0000000020010000,0x0000000020110000)]
  0x0000000019951800 JavaThread "pool-1-thread-1" [_thread_blocked, id=5132, stack(0x000000001fd10000,0x000000001fe10000)]
  0x0000000019a63000 JavaThread "File lock request listener" [_thread_in_native, id=4140, stack(0x000000001c340000,0x000000001c440000)]
  0x0000000019974800 JavaThread "Cache worker for file hash cache (C:\Users\ASUS\.gradle\caches\4.4\fileHashes)" [_thread_blocked, id=10248, stack(0x000000001b270000,0x000000001b370000)]
  0x0000000019848000 JavaThread "Daemon periodic checks" [_thread_blocked, id=8388, stack(0x000000001a770000,0x000000001a870000)]
  0x0000000019856000 JavaThread "Incoming local TCP Connector on port 51835" [_thread_in_native, id=1040, stack(0x000000001a540000,0x000000001a640000)]
  0x0000000018255000 JavaThread "Service Thread" daemon [_thread_blocked, id=9940, stack(0x0000000018630000,0x0000000018730000)]
  0x00000000168df800 JavaThread "C1 CompilerThread2" daemon [_thread_blocked, id=4940, stack(0x0000000018130000,0x0000000018230000)]
  0x00000000168dc000 JavaThread "C2 CompilerThread1" daemon [_thread_in_vm, id=7076, stack(0x0000000018030000,0x0000000018130000)]
=>0x00000000168e6800 JavaThread "C2 CompilerThread0" daemon [_thread_in_native, id=6280, stack(0x0000000017f30000,0x0000000018030000)]
  0x00000000168e4800 JavaThread "Attach Listener" daemon [_thread_blocked, id=4376, stack(0x0000000017e30000,0x0000000017f30000)]
  0x00000000168e3800 JavaThread "Signal Dispatcher" daemon [_thread_blocked, id=8256, stack(0x0000000017d30000,0x0000000017e30000)]
  0x0000000002f6c000 JavaThread "Finalizer" daemon [_thread_blocked, id=576, stack(0x0000000017b40000,0x0000000017c40000)]
  0x0000000002f61000 JavaThread "Reference Handler" daemon [_thread_blocked, id=1096, stack(0x0000000017a40000,0x0000000017b40000)]
  0x0000000002ced800 JavaThread "main" [_thread_blocked, id=1392, stack(0x0000000002d70000,0x0000000002e70000)]

Other Threads:
  0x00000000168a5800 VMThread [stack: 0x0000000017940000,0x0000000017a40000] [id=5028]
  0x0000000018255800 WatcherThread [stack: 0x0000000018730000,0x0000000018830000] [id=4952]

VM state:not at safepoint (normal execution)

VM Mutex/Monitor currently owned by a thread:  ([mutex/lock_event])
[0x0000000002cebf90] CodeCache_lock - owner thread: 0x00000000168dc000

Heap:
 PSYoungGen      total 341504K, used 91380K [0x00000000e0000000, 0x00000000ff900000, 0x0000000100000000)
  eden space 307712K, 18% used [0x00000000e0000000,0x00000000e3891e98,0x00000000f2c80000)
  from space 33792K, 98% used [0x00000000f2c80000,0x00000000f4d2b250,0x00000000f4d80000)
  to   space 103936K, 0% used [0x00000000f9380000,0x00000000f9380000,0x00000000ff900000)
 ParOldGen       total 283136K, used 199398K [0x00000000a0000000, 0x00000000b1480000, 0x00000000e0000000)
  object space 283136K, 70% used [0x00000000a0000000,0x00000000ac2b9970,0x00000000b1480000)
 Metaspace       used 97137K, capacity 104010K, committed 104340K, reserved 1140736K
  class space    used 12181K, capacity 13629K, committed 13756K, reserved 1048576K

Card table byte_map: [0x0000000012330000,0x0000000012640000] byte_map_base: 0x0000000011e30000

Marking Bits: (ParMarkBitMap*) 0x0000000077204970
 Begin Bits: [0x0000000012c40000, 0x0000000014440000)
 End Bits:   [0x0000000014440000, 0x0000000015c40000)

Polling page: 0x00000000016d0000

CodeCache: size=245760Kb used=71906Kb max_used=72356Kb free=173853Kb
 bounds [0x0000000002f70000, 0x0000000007690000, 0x0000000011f70000]
 total_blobs=20475 nmethods=19597 adapters=786
 compilation: disabled (not enough contiguous free space left)

Compilation events (10 events):
Event: 6172.736 Thread 0x00000000168dc000 nmethod 26283 0x0000000006e83f50 code [0x0000000006e84080, 0x0000000006e840d8]
Event: 6172.736 Thread 0x00000000168dc000 26277       4       com.android.ide.common.res2.ResourceMerger::filterAccept (9 bytes)
Event: 6172.777 Thread 0x00000000168dc000 nmethod 26277 0x0000000007682dd0 code [0x0000000007682fc0, 0x0000000007683f28]
Event: 6172.777 Thread 0x00000000168dc000 26284       4       com.google.common.collect.AbstractMapBasedMultimap$KeySet$1::hasNext (10 bytes)
Event: 6172.778 Thread 0x00000000168dc000 nmethod 26284 0x0000000007664e90 code [0x0000000007664fe0, 0x0000000007665078]
Event: 6172.778 Thread 0x00000000168dc000 26278       4       com.android.ide.common.res2.ResourceMerger::filterAccept (36 bytes)
Event: 6172.811 Thread 0x00000000168dc000 nmethod 26278 0x0000000007688cd0 code [0x0000000007688ec0, 0x0000000007689e28]
Event: 6173.187 Thread 0x00000000168df800 26285       3       java.util.LinkedHashMap$LinkedEntrySet::forEach (67 bytes)
Event: 6173.188 Thread 0x00000000168df800 nmethod 26285 0x0000000007669810 code [0x00000000076699c0, 0x0000000007669ea8]
Event: 6173.189 Thread 0x00000000168dc000 26286       4       com.android.ide.common.blame.MergingLogPersistUtil$SourcePositionsSerializer::append (67 bytes)

GC Heap History (10 events):
Event: 5719.923 GC heap before
{Heap before GC invocations=51 (full 4):
 PSYoungGen      total 418816K, used 337259K [0x00000000e0000000, 0x0000000100000000, 0x0000000100000000)
  eden space 311296K, 100% used [0x00000000e0000000,0x00000000f3000000,0x00000000f3000000)
  from space 107520K, 24% used [0x00000000f9700000,0x00000000fb05aee0,0x0000000100000000)
  to   space 105472K, 0% used [0x00000000f3000000,0x00000000f3000000,0x00000000f9700000)
 ParOldGen       total 283136K, used 199358K [0x00000000a0000000, 0x00000000b1480000, 0x00000000e0000000)
  object space 283136K, 70% used [0x00000000a0000000,0x00000000ac2af970,0x00000000b1480000)
 Metaspace       used 89343K, capacity 94614K, committed 94740K, reserved 1132544K
  class space    used 11118K, capacity 12233K, committed 12348K, reserved 1048576K
Event: 5720.038 GC heap after
Heap after GC invocations=51 (full 4):
 PSYoungGen      total 385536K, used 73734K [0x00000000e0000000, 0x0000000100000000, 0x0000000100000000)
  eden space 311296K, 0% used [0x00000000e0000000,0x00000000e0000000,0x00000000f3000000)
  from space 74240K, 99% used [0x00000000f3000000,0x00000000f7801978,0x00000000f7880000)
  to   space 109568K, 0% used [0x00000000f9500000,0x00000000f9500000,0x0000000100000000)
 ParOldGen       total 283136K, used 199366K [0x00000000a0000000, 0x00000000b1480000, 0x00000000e0000000)
  object space 283136K, 70% used [0x00000000a0000000,0x00000000ac2b1970,0x00000000b1480000)
 Metaspace       used 89343K, capacity 94614K, committed 94740K, reserved 1132544K
  class space    used 11118K, capacity 12233K, committed 12348K, reserved 1048576K
}
Event: 5870.887 GC heap before
{Heap before GC invocations=52 (full 4):
 PSYoungGen      total 385536K, used 385030K [0x00000000e0000000, 0x0000000100000000, 0x0000000100000000)
  eden space 311296K, 100% used [0x00000000e0000000,0x00000000f3000000,0x00000000f3000000)
  from space 74240K, 99% used [0x00000000f3000000,0x00000000f7801978,0x00000000f7880000)
  to   space 109568K, 0% used [0x00000000f9500000,0x00000000f9500000,0x0000000100000000)
 ParOldGen       total 283136K, used 199366K [0x00000000a0000000, 0x00000000b1480000, 0x00000000e0000000)
  object space 283136K, 70% used [0x00000000a0000000,0x00000000ac2b1970,0x00000000b1480000)
 Metaspace       used 90330K, capacity 96528K, committed 96788K, reserved 1134592K
  class space    used 11311K, capacity 12530K, committed 12604K, reserved 1048576K
Event: 5870.919 GC heap after
Heap after GC invocations=52 (full 4):
 PSYoungGen      total 416256K, used 23124K [0x00000000e0000000, 0x0000000100000000, 0x0000000100000000)
  eden space 306688K, 0% used [0x00000000e0000000,0x00000000e0000000,0x00000000f2b80000)
  from space 109568K, 21% used [0x00000000f9500000,0x00000000fab953a8,0x0000000100000000)
  to   space 108032K, 0% used [0x00000000f2b80000,0x00000000f2b80000,0x00000000f9500000)
 ParOldGen       total 283136K, used 199374K [0x00000000a0000000, 0x00000000b1480000, 0x00000000e0000000)
  object space 283136K, 70% used [0x00000000a0000000,0x00000000ac2b3970,0x00000000b1480000)
 Metaspace       used 90330K, capacity 96528K, committed 96788K, reserved 1134592K
  class space    used 11311K, capacity 12530K, committed 12604K, reserved 1048576K
}
Event: 5879.687 GC heap before
{Heap before GC invocations=53 (full 4):
 PSYoungGen      total 416256K, used 329519K [0x00000000e0000000, 0x0000000100000000, 0x0000000100000000)
  eden space 306688K, 99% used [0x00000000e0000000,0x00000000f2b36a28,0x00000000f2b80000)
  from space 109568K, 21% used [0x00000000f9500000,0x00000000fab953a8,0x0000000100000000)
  to   space 108032K, 0% used [0x00000000f2b80000,0x00000000f2b80000,0x00000000f9500000)
 ParOldGen       total 283136K, used 199374K [0x00000000a0000000, 0x00000000b1480000, 0x00000000e0000000)
  object space 283136K, 70% used [0x00000000a0000000,0x00000000ac2b3970,0x00000000b1480000)
 Metaspace       used 90702K, capacity 96904K, committed 97044K, reserved 1134592K
  class space    used 11333K, capacity 12570K, committed 12604K, reserved 1048576K
Event: 5879.794 GC heap after
Heap after GC invocations=53 (full 4):
 PSYoungGen      total 414720K, used 65337K [0x00000000e0000000, 0x00000000fff80000, 0x0000000100000000)
  eden space 306688K, 0% used [0x00000000e0000000,0x00000000e0000000,0x00000000f2b80000)
  from space 108032K, 60% used [0x00000000f2b80000,0x00000000f6b4e540,0x00000000f9500000)
  to   space 108544K, 0% used [0x00000000f9580000,0x00000000f9580000,0x00000000fff80000)
 ParOldGen       total 283136K, used 199382K [0x00000000a0000000, 0x00000000b1480000, 0x00000000e0000000)
  object space 283136K, 70% used [0x00000000a0000000,0x00000000ac2b5970,0x00000000b1480000)
 Metaspace       used 90702K, capacity 96904K, committed 97044K, reserved 1134592K
  class space    used 11333K, capacity 12570K, committed 12604K, reserved 1048576K
}
Event: 6154.245 GC heap before
{Heap before GC invocations=54 (full 4):
 PSYoungGen      total 414720K, used 372025K [0x00000000e0000000, 0x00000000fff80000, 0x0000000100000000)
  eden space 306688K, 100% used [0x00000000e0000000,0x00000000f2b80000,0x00000000f2b80000)
  from space 108032K, 60% used [0x00000000f2b80000,0x00000000f6b4e540,0x00000000f9500000)
  to   space 108544K, 0% used [0x00000000f9580000,0x00000000f9580000,0x00000000fff80000)
 ParOldGen       total 283136K, used 199382K [0x00000000a0000000, 0x00000000b1480000, 0x00000000e0000000)
  object space 283136K, 70% used [0x00000000a0000000,0x00000000ac2b5970,0x00000000b1480000)
 Metaspace       used 95310K, capacity 101848K, committed 102164K, reserved 1138688K
  class space    used 11923K, capacity 13252K, committed 13372K, reserved 1048576K
Event: 6154.299 GC heap after
Heap after GC invocations=54 (full 4):
 PSYoungGen      total 415232K, used 20782K [0x00000000e0000000, 0x00000000ffe80000, 0x0000000100000000)
  eden space 307712K, 0% used [0x00000000e0000000,0x00000000e0000000,0x00000000f2c80000)
  from space 107520K, 19% used [0x00000000f9580000,0x00000000fa9cb888,0x00000000ffe80000)
  to   space 107520K, 0% used [0x00000000f2c80000,0x00000000f2c80000,0x00000000f9580000)
 ParOldGen       total 283136K, used 199390K [0x00000000a0000000, 0x00000000b1480000, 0x00000000e0000000)
  object space 283136K, 70% used [0x00000000a0000000,0x00000000ac2b7970,0x00000000b1480000)
 Metaspace       used 95310K, capacity 101848K, committed 102164K, reserved 1138688K
  class space    used 11923K, capacity 13252K, committed 13372K, reserved 1048576K
}
Event: 6171.043 GC heap before
{Heap before GC invocations=55 (full 4):
 PSYoungGen      total 415232K, used 328494K [0x00000000e0000000, 0x00000000ffe80000, 0x0000000100000000)
  eden space 307712K, 100% used [0x00000000e0000000,0x00000000f2c80000,0x00000000f2c80000)
  from space 107520K, 19% used [0x00000000f9580000,0x00000000fa9cb888,0x00000000ffe80000)
  to   space 107520K, 0% used [0x00000000f2c80000,0x00000000f2c80000,0x00000000f9580000)
 ParOldGen       total 283136K, used 199390K [0x00000000a0000000, 0x00000000b1480000, 0x00000000e0000000)
  object space 283136K, 70% used [0x00000000a0000000,0x00000000ac2b7970,0x00000000b1480000)
 Metaspace       used 97038K, capacity 103940K, committed 103956K, reserved 1140736K
  class space    used 12181K, capacity 13628K, committed 13628K, reserved 1048576K
Event: 6171.092 GC heap after
Heap after GC invocations=55 (full 4):
 PSYoungGen      total 341504K, used 33452K [0x00000000e0000000, 0x00000000ff900000, 0x0000000100000000)
  eden space 307712K, 0% used [0x00000000e0000000,0x00000000e0000000,0x00000000f2c80000)
  from space 33792K, 98% used [0x00000000f2c80000,0x00000000f4d2b250,0x00000000f4d80000)
  to   space 103936K, 0% used [0x00000000f9380000,0x00000000f9380000,0x00000000ff900000)
 ParOldGen       total 283136K, used 199398K [0x00000000a0000000, 0x00000000b1480000, 0x00000000e0000000)
  object space 283136K, 70% used [0x00000000a0000000,0x00000000ac2b9970,0x00000000b1480000)
 Metaspace       used 97038K, capacity 103940K, committed 103956K, reserved 1140736K
  class space    used 12181K, capacity 13628K, committed 13628K, reserved 1048576K
}

Deoptimization events (10 events):
Event: 6168.646 Thread 0x0000000019cd9800 Uncommon trap: reason=bimorphic action=maybe_recompile pc=0x0000000007070324 method=com.google.common.cache.LocalCache$Segment.enqueueNotification(Ljava/lang/Object;ILcom/google/common/cache/LocalCache$ValueReference;Lcom/google/common/cache/RemovalCause;
Event: 6168.646 Thread 0x0000000019cd9800 Uncommon trap: reason=bimorphic action=maybe_recompile pc=0x0000000007070324 method=com.google.common.cache.LocalCache$Segment.enqueueNotification(Ljava/lang/Object;ILcom/google/common/cache/LocalCache$ValueReference;Lcom/google/common/cache/RemovalCause;
Event: 6168.646 Thread 0x0000000019cd9800 Uncommon trap: reason=bimorphic action=maybe_recompile pc=0x0000000007070324 method=com.google.common.cache.LocalCache$Segment.enqueueNotification(Ljava/lang/Object;ILcom/google/common/cache/LocalCache$ValueReference;Lcom/google/common/cache/RemovalCause;
Event: 6171.704 Thread 0x0000000019cd9800 Uncommon trap: reason=class_check action=maybe_recompile pc=0x000000000419767c method=org.gradle.api.internal.changedetection.state.DefaultFileSystemMirror.getFile(Ljava/lang/String;)Lorg/gradle/api/internal/changedetection/state/FileSnapshot; @ 23
Event: 6171.706 Thread 0x0000000019cd9800 Uncommon trap: reason=class_check action=maybe_recompile pc=0x000000000419767c method=org.gradle.api.internal.changedetection.state.DefaultFileSystemMirror.getFile(Ljava/lang/String;)Lorg/gradle/api/internal/changedetection/state/FileSnapshot; @ 23
Event: 6171.871 Thread 0x0000000019cd9800 Uncommon trap: reason=class_check action=maybe_recompile pc=0x000000000419767c method=org.gradle.api.internal.changedetection.state.DefaultFileSystemMirror.getFile(Ljava/lang/String;)Lorg/gradle/api/internal/changedetection/state/FileSnapshot; @ 23
Event: 6171.893 Thread 0x0000000019cd9800 Uncommon trap: reason=class_check action=maybe_recompile pc=0x000000000419767c method=org.gradle.api.internal.changedetection.state.DefaultFileSystemMirror.getFile(Ljava/lang/String;)Lorg/gradle/api/internal/changedetection/state/FileSnapshot; @ 23
Event: 6172.073 Thread 0x0000000019cd9800 Uncommon trap: reason=class_check action=maybe_recompile pc=0x00000000040ddad8 method=com.google.common.collect.AbstractMapBasedMultimap$Itr.next()Ljava/lang/Object; @ 75
Event: 6172.185 Thread 0x0000000019cd9800 Uncommon trap: reason=unstable_if action=reinterpret pc=0x0000000004500574 method=com.sun.org.apache.xerces.internal.dom.DeferredDocumentImpl.ensureCapacity(I)V @ 4
Event: 6173.219 Thread 0x0000000019cd9800 Uncommon trap: reason=null_check action=make_not_entrant pc=0x00000000046b18c8 method=com.android.ide.common.res2.NodeUtils.processSingleNodeNamespace(Lorg/w3c/dom/Node;Lorg/w3c/dom/Document;)Z @ 8

Classes redefined (0 events):
No events

Internal exceptions (10 events):
Event: 6167.591 Thread 0x0000000019cd9800 Exception <a 'sun/nio/fs/WindowsException'> (0x00000000ef520050) thrown at [D:\src\AOSP-openjdk-cygwin\jdk8u\hotspot\src\share\vm\prims\jni.cpp, line 709]
Event: 6167.591 Thread 0x0000000019cd9800 Exception <a 'sun/nio/fs/WindowsException'> (0x00000000ef522298) thrown at [D:\src\AOSP-openjdk-cygwin\jdk8u\hotspot\src\share\vm\prims\jni.cpp, line 709]
Event: 6167.591 Thread 0x0000000019cd9800 Exception <a 'sun/nio/fs/WindowsException'> (0x00000000ef523108) thrown at [D:\src\AOSP-openjdk-cygwin\jdk8u\hotspot\src\share\vm\prims\jni.cpp, line 709]
Event: 6167.592 Thread 0x0000000019cd9800 Exception <a 'sun/nio/fs/WindowsException'> (0x00000000ef526320) thrown at [D:\src\AOSP-openjdk-cygwin\jdk8u\hotspot\src\share\vm\prims\jni.cpp, line 709]
Event: 6167.592 Thread 0x0000000019cd9800 Exception <a 'sun/nio/fs/WindowsException'> (0x00000000ef527180) thrown at [D:\src\AOSP-openjdk-cygwin\jdk8u\hotspot\src\share\vm\prims\jni.cpp, line 709]
Event: 6167.592 Thread 0x0000000019cd9800 Exception <a 'sun/nio/fs/WindowsException'> (0x00000000ef5293f0) thrown at [D:\src\AOSP-openjdk-cygwin\jdk8u\hotspot\src\share\vm\prims\jni.cpp, line 709]
Event: 6167.592 Thread 0x0000000019cd9800 Exception <a 'sun/nio/fs/WindowsException'> (0x00000000ef52a288) thrown at [D:\src\AOSP-openjdk-cygwin\jdk8u\hotspot\src\share\vm\prims\jni.cpp, line 709]
Event: 6168.010 Thread 0x0000000019cd9800 Exception <a 'sun/nio/fs/WindowsException'> (0x00000000efc46820) thrown at [D:\src\AOSP-openjdk-cygwin\jdk8u\hotspot\src\share\vm\prims\jni.cpp, line 709]
Event: 6172.185 Thread 0x0000000019cd9800 Implicit null exception at 0x00000000044feb1d to 0x0000000004500560
Event: 6173.219 Thread 0x0000000019cd9800 Implicit null exception at 0x00000000046b087b to 0x00000000046b18b9

Events (10 events):
Event: 6173.043 Executing VM operation: RevokeBias
Event: 6173.043 Executing VM operation: RevokeBias done
Event: 6173.128 Thread 0x0000000019950000 Thread added: 0x0000000019950000
Event: 6173.219 Thread 0x0000000019cd9800 Uncommon trap: trap_request=0xfffffff4 fr.pc=0x00000000046b18c8
Event: 6173.219 Thread 0x0000000019cd9800 DEOPT PACKING pc=0x00000000046b18c8 sp=0x000000003acaac00
Event: 6173.219 Thread 0x0000000019cd9800 DEOPT UNPACKING pc=0x0000000002fb557b sp=0x000000003acaabd0 mode 2
Event: 6173.233 Thread 0x00000000168dc000 flushing nmethod 0x0000000003095c50
Event: 6173.233 Thread 0x00000000168dc000 flushing nmethod 0x00000000030d08d0
Event: 6173.236 Thread 0x00000000168dc000 flushing nmethod 0x00000000036a8ed0
Event: 6173.236 Thread 0x00000000168dc000 flushing nmethod 0x0000000003798350


Dynamic libraries:
0x00007ff62b710000 - 0x00007ff62b741000 	C:\Program Files\Android\Android Studio\jre\bin\java.exe
0x00007ffb75e10000 - 0x00007ffb75fe1000 	C:\Windows\SYSTEM32\ntdll.dll
0x00007ffb75a40000 - 0x00007ffb75aeb000 	C:\Windows\System32\KERNEL32.DLL
0x00007ffb73050000 - 0x00007ffb7326d000 	C:\Windows\System32\KERNELBASE.dll
0x00007ffb738a0000 - 0x00007ffb73942000 	C:\Windows\System32\ADVAPI32.dll
0x00007ffb74200000 - 0x00007ffb7429e000 	C:\Windows\System32\msvcrt.dll
0x00007ffb741a0000 - 0x00007ffb741f9000 	C:\Windows\System32\sechost.dll
0x00007ffb73ac0000 - 0x00007ffb73be1000 	C:\Windows\System32\RPCRT4.dll
0x00007ffb73c00000 - 0x00007ffb73d65000 	C:\Windows\System32\USER32.dll
0x00007ffb73380000 - 0x00007ffb7339e000 	C:\Windows\System32\win32u.dll
0x00007ffb73580000 - 0x00007ffb735b4000 	C:\Windows\System32\GDI32.dll
0x00007ffb72c80000 - 0x00007ffb72e02000 	C:\Windows\System32\gdi32full.dll
0x00007ffb6d2b0000 - 0x00007ffb6d529000 	C:\Windows\WinSxS\amd64_microsoft.windows.common-controls_6595b64144ccf1df_6.0.14393.0_none_2d0f50fcbdb171b8\COMCTL32.dll
0x00007ffb735c0000 - 0x00007ffb73887000 	C:\Windows\System32\combase.dll
0x00007ffb72ad0000 - 0x00007ffb72bc5000 	C:\Windows\System32\ucrtbase.dll
0x00007ffb72e10000 - 0x00007ffb72e7a000 	C:\Windows\System32\bcryptPrimitives.dll
0x00007ffb73550000 - 0x00007ffb7357e000 	C:\Windows\System32\IMM32.DLL
0x0000000076880000 - 0x0000000076952000 	C:\Program Files\Android\Android Studio\jre\jre\bin\msvcr100.dll
0x0000000076a40000 - 0x000000007727f000 	C:\Program Files\Android\Android Studio\jre\jre\bin\server\jvm.dll
0x00007ffb73890000 - 0x00007ffb73898000 	C:\Windows\System32\PSAPI.DLL
0x00007ffb64b90000 - 0x00007ffb64b99000 	C:\Windows\SYSTEM32\WSOCK32.dll
0x00007ffb6ed80000 - 0x00007ffb6ed8a000 	C:\Windows\SYSTEM32\VERSION.dll
0x00007ffb70570000 - 0x00007ffb70593000 	C:\Windows\SYSTEM32\WINMM.dll
0x00007ffb758b0000 - 0x00007ffb7591a000 	C:\Windows\System32\WS2_32.dll
0x00007ffb70510000 - 0x00007ffb7053b000 	C:\Windows\SYSTEM32\WINMMBASE.dll
0x00007ffb723a0000 - 0x00007ffb723e2000 	C:\Windows\System32\cfgmgr32.dll
0x00007ffb6e600000 - 0x00007ffb6e60f000 	C:\Program Files\Android\Android Studio\jre\jre\bin\verify.dll
0x00007ffb4faa0000 - 0x00007ffb4fac9000 	C:\Program Files\Android\Android Studio\jre\jre\bin\java.dll
0x00007ffb6e5e0000 - 0x00007ffb6e5f6000 	C:\Program Files\Android\Android Studio\jre\jre\bin\zip.dll
0x00007ffb743a0000 - 0x00007ffb758a8000 	C:\Windows\System32\SHELL32.dll
0x00007ffb723f0000 - 0x00007ffb72aca000 	C:\Windows\System32\windows.storage.dll
0x00007ffb72340000 - 0x00007ffb7238c000 	C:\Windows\System32\powrprof.dll
0x00007ffb75db0000 - 0x00007ffb75e02000 	C:\Windows\System32\shlwapi.dll
0x00007ffb72330000 - 0x00007ffb7233f000 	C:\Windows\System32\kernel.appcore.dll
0x00007ffb72bd0000 - 0x00007ffb72c79000 	C:\Windows\System32\shcore.dll
0x00007ffb72310000 - 0x00007ffb72324000 	C:\Windows\System32\profapi.dll
0x00007ffb4cf00000 - 0x00007ffb4cf1a000 	C:\Program Files\Android\Android Studio\jre\jre\bin\net.dll
0x00007ffb71c40000 - 0x00007ffb71c9c000 	C:\Windows\system32\mswsock.dll
0x00007ffb4b9e0000 - 0x00007ffb4b9f1000 	C:\Program Files\Android\Android Studio\jre\jre\bin\nio.dll
0x00007ffb47570000 - 0x00007ffb4758e000 	C:\Users\ASUS\.gradle\native\25\windows-amd64\native-platform.dll
0x00007ffb6e610000 - 0x00007ffb6e61d000 	C:\Program Files\Android\Android Studio\jre\jre\bin\management.dll
0x00007ffb71de0000 - 0x00007ffb71df7000 	C:\Windows\SYSTEM32\CRYPTSP.dll
0x00007ffb71850000 - 0x00007ffb71883000 	C:\Windows\system32\rsaenh.dll
0x00007ffb71ef0000 - 0x00007ffb71f1b000 	C:\Windows\SYSTEM32\bcrypt.dll
0x00007ffb71ac0000 - 0x00007ffb71adf000 	C:\Windows\SYSTEM32\USERENV.dll
0x00007ffb71e00000 - 0x00007ffb71e0b000 	C:\Windows\SYSTEM32\CRYPTBASE.dll
0x00007ffb719d0000 - 0x00007ffb71a08000 	C:\Windows\SYSTEM32\IPHLPAPI.DLL
0x00007ffb73bf0000 - 0x00007ffb73bf8000 	C:\Windows\System32\NSI.dll
0x00007ffb68240000 - 0x00007ffb68256000 	C:\Windows\SYSTEM32\dhcpcsvc6.DLL
0x00007ffb68710000 - 0x00007ffb6872a000 	C:\Windows\SYSTEM32\dhcpcsvc.DLL
0x00007ffb58600000 - 0x00007ffb58624000 	C:\Program Files\Android\Android Studio\jre\jre\bin\sunec.dll
0x00007ffb71a10000 - 0x00007ffb71ab0000 	C:\Windows\SYSTEM32\DNSAPI.dll
0x00007ffb61050000 - 0x00007ffb6105a000 	C:\Windows\System32\rasadhlp.dll
0x00007ffb68270000 - 0x00007ffb682da000 	C:\Windows\System32\fwpuclnt.dll
0x00007ffb62660000 - 0x00007ffb6266b000 	C:\Program Files\Android\Android Studio\jre\jre\bin\sunmscapi.dll
0x00007ffb72e80000 - 0x00007ffb73048000 	C:\Windows\System32\CRYPT32.dll
0x00007ffb72390000 - 0x00007ffb723a0000 	C:\Windows\System32\MSASN1.dll

VM Arguments:
jvm_args: -Xmx1536m -Dfile.encoding=windows-1252 -Duser.country=GB -Duser.language=en -Duser.variant 
java_command: org.gradle.launcher.daemon.bootstrap.GradleDaemon 4.4
java_class_path (initial): C:\Users\ASUS\.gradle\wrapper\dists\gradle-4.4-all\9br9xq1tocpiv8o6njlyu5op1\gradle-4.4\lib\gradle-launcher-4.4.jar
Launcher Type: SUN_STANDARD

Environment Variables:
PATH=C:\Program Files (x86)\Common Files\Oracle\Java\javapath;C:\Program Files (x86)\Common Files\Intel\Shared Files\cpp\bin\Intel64;C:\Windows\system32;C:\Windows;C:\Windows\System32\Wbem;C:\Windows\System32\WindowsPowerShell\v1.0\;C:\Program Files\Git\cmd;C:\Program Files (x86)\NVIDIA Corporation\PhysX\Common;C:\Users\ASUS\AppData\Local\Microsoft\WindowsApps;
USERNAME=ASUS
OS=Windows_NT
PROCESSOR_IDENTIFIER=Intel64 Family 6 Model 61 Stepping 4, GenuineIntel



---------------  S Y S T E M  ---------------

OS: Windows 10.0 , 64 bit Build 14393 (10.0.14393.0)

CPU:total 4 (initial active 4) (2 cores per cpu, 2 threads per core) family 6 model 61 stepping 4, cmov, cx8, fxsr, mmx, sse, sse2, sse3, ssse3, sse4.1, sse4.2, popcnt, avx, avx2, aes, clmul, erms, 3dnowpref, lzcnt, ht, tsc, tscinvbit, bmi1, bmi2, adx

Memory: 4k page, physical 8285604k(1767372k free), swap 32605600k(7780k free)

vm_info: OpenJDK 64-Bit Server VM (25.152-b02) for windows-amd64 JRE (1.8.0_152-release-1024-b02), built by "builder" with MS VC++ 10.0 (VS2010)

time: Tue Aug 20 10:22:59 2019
elapsed time: 6173 seconds (0d 1h 42m 53s)

